CureWellTest.cs(162,75): error CS0200: Property or indexer 'Doctor.DoctorId' cannot be assigned to -- it is read only [C:\Users\Public\Desktop\user_repo\.Eval\CureWellTest\CureWellTest\CureWellTest\CureWellTest.csproj]
CureWellTest.cs(162,93): error CS0200: Property or indexer 'Doctor.DoctorName' cannot be assigned to -- it is read only [C:\Users\Public\Desktop\user_repo\.Eval\CureWellTest\CureWellTest\CureWellTest\CureWellTest.csproj]
CureWellTest.cs(162,116): error CS0117: 'Doctor' does not contain a definition for 'DoctorSpecialization' [C:\Users\Public\Desktop\user_repo\.Eval\CureWellTest\CureWellTest\CureWellTest\CureWellTest.csproj]
CureWellTest.cs(163,75): error CS0200: Property or indexer 'Doctor.DoctorId' cannot be assigned to -- it is read only [C:\Users\Public\Desktop\user_repo\.Eval\CureWellTest\CureWellTest\CureWellTest\CureWellTest.csproj]
CureWellTest.cs(163,93): error CS0200: Property or indexer 'Doctor.DoctorName' cannot be assigned to -- it is read only [C:\Users\Public\Desktop\user_repo\.Eval\CureWellTest\CureWellTest\CureWellTest\CureWellTest.csproj]
CureWellTest.cs(163,115): error CS0117: 'Doctor' does not contain a definition for 'DoctorSpecialization' [C:\Users\Public\Desktop\user_repo\.Eval\CureWellTest\CureWellTest\CureWellTest\CureWellTest.csproj]
CureWellTest.cs(164,75): error CS0200: Property or indexer 'Doctor.DoctorId' cannot be assigned to -- it is read only [C:\Users\Public\Desktop\user_repo\.Eval\CureWellTest\CureWellTest\CureWellTest\CureWellTest.csproj]
CureWellTest.cs(164,93): error CS0200: Property or indexer 'Doctor.DoctorName' cannot be assigned to -- it is read only [C:\Users\Public\Desktop\user_repo\.Eval\CureWellTest\CureWellTest\CureWellTest\CureWellTest.csproj]
CureWellTest.cs(164,115): error CS0117: 'Doctor' does not contain a definition for 'DoctorSpecialization' [C:\Users\Public\Desktop\user_repo\.Eval\CureWellTest\CureWellTest\CureWellTest\CureWellTest.csproj]
CureWellTest.cs(258,76): error CS0117: 'Surgery' does not contain a definition for 'SurgeryId' [C:\Users\Public\Desktop\user_repo\.Eval\CureWellTest\CureWellTest\CureWellTest\CureWellTest.csproj]
CureWellTest.cs(258,88): error CS0117: 'Surgery' does not contain a definition for 'DoctorId' [C:\Users\Public\Desktop\user_repo\.Eval\CureWellTest\CureWellTest\CureWellTest\CureWellTest.csproj]
CureWellTest.cs(258,104): error CS0117: 'Surgery' does not contain a definition for 'SurgeryDate' [C:\Users\Public\Desktop\user_repo\.Eval\CureWellTest\CureWellTest\CureWellTest\CureWellTest.csproj]
CureWellTest.cs(258,141): error CS0117: 'Surgery' does not contain a definition for 'StartTime' [C:\Users\Public\Desktop\user_repo\.Eval\CureWellTest\CureWellTest\CureWellTest\CureWellTest.csproj]
CureWellTest.cs(258,162): error CS0117: 'Surgery' does not contain a definition for 'EndTime' [C:\Users\Public\Desktop\user_repo\.Eval\CureWellTest\CureWellTest\CureWellTest\CureWellTest.csproj]
CureWellTest.cs(258,182): error CS0117: 'Surgery' does not contain a definition for 'SurgeryCategory' [C:\Users\Public\Desktop\user_repo\.Eval\CureWellTest\CureWellTest\CureWellTest\CureWellTest.csproj]
CureWellTest.cs(259,76): error CS0117: 'Surgery' does not contain a definition for 'SurgeryId' [C:\Users\Public\Desktop\user_repo\.Eval\CureWellTest\CureWellTest\CureWellTest\CureWellTest.csproj]
CureWellTest.cs(259,88): error CS0117: 'Surgery' does not contain a definition for 'DoctorId' [C:\Users\Public\Desktop\user_repo\.Eval\CureWellTest\CureWellTest\CureWellTest\CureWellTest.csproj]
CureWellTest.cs(259,104): error CS0117: 'Surgery' does not contain a definition for 'SurgeryDate' [C:\Users\Public\Desktop\user_repo\.Eval\CureWellTest\CureWellTest\CureWellTest\CureWellTest.csproj]
CureWellTest.cs(259,141): error CS0117: 'Surgery' does not contain a definition for 'StartTime' [C:\Users\Public\Desktop\user_repo\.Eval\CureWellTest\CureWellTest\CureWellTest\CureWellTest.csproj]
CureWellTest.cs(259,162): error CS0117: 'Surgery' does not contain a definition for 'EndTime' [C:\Users\Public\Desktop\user_repo\.Eval\CureWellTest\CureWellTest\CureWellTest\CureWellTest.csproj]
CureWellTest.cs(259,182): error CS0117: 'Surgery' does not contain a definition for 'SurgeryCategory' [C:\Users\Public\Desktop\user_repo\.Eval\CureWellTest\CureWellTest\CureWellTest\CureWellTest.csproj]
CureWellTest.cs(260,76): error CS0117: 'Surgery' does not contain a definition for 'SurgeryId' [C:\Users\Public\Desktop\user_repo\.Eval\CureWellTest\CureWellTest\CureWellTest\CureWellTest.csproj]
CureWellTest.cs(260,88): error CS0117: 'Surgery' does not contain a definition for 'DoctorId' [C:\Users\Public\Desktop\user_repo\.Eval\CureWellTest\CureWellTest\CureWellTest\CureWellTest.csproj]
CureWellTest.cs(260,105): error CS0117: 'Surgery' does not contain a definition for 'SurgeryDate' [C:\Users\Public\Desktop\user_repo\.Eval\CureWellTest\CureWellTest\CureWellTest\CureWellTest.csproj]
CureWellTest.cs(260,147): error CS0117: 'Surgery' does not contain a definition for 'StartTime' [C:\Users\Public\Desktop\user_repo\.Eval\CureWellTest\CureWellTest\CureWellTest\CureWellTest.csproj]
CureWellTest.cs(260,171): error CS0117: 'Surgery' does not contain a definition for 'EndTime' [C:\Users\Public\Desktop\user_repo\.Eval\CureWellTest\CureWellTest\CureWellTest\CureWellTest.csproj]
CureWellTest.cs(260,193): error CS0117: 'Surgery' does not contain a definition for 'SurgeryCategory' [C:\Users\Public\Desktop\user_repo\.Eval\CureWellTest\CureWellTest\CureWellTest\CureWellTest.csproj]
CureWellTest.cs(343,17): error CS0117: 'Surgery' does not contain a definition for 'DoctorId' [C:\Users\Public\Desktop\user_repo\.Eval\CureWellTest\CureWellTest\CureWellTest\CureWellTest.csproj]
CureWellTest.cs(344,17): error CS0117: 'Surgery' does not contain a definition for 'SurgeryId' [C:\Users\Public\Desktop\user_repo\.Eval\CureWellTest\CureWellTest\CureWellTest\CureWellTest.csproj]
CureWellTest.cs(345,17): error CS0117: 'Surgery' does not contain a definition for 'SurgeryDate' [C:\Users\Public\Desktop\user_repo\.Eval\CureWellTest\CureWellTest\CureWellTest\CureWellTest.csproj]
CureWellTest.cs(346,17): error CS0117: 'Surgery' does not contain a definition for 'StartTime' [C:\Users\Public\Desktop\user_repo\.Eval\CureWellTest\CureWellTest\CureWellTest\CureWellTest.csproj]
CureWellTest.cs(347,17): error CS0117: 'Surgery' does not contain a definition for 'EndTime' [C:\Users\Public\Desktop\user_repo\.Eval\CureWellTest\CureWellTest\CureWellTest\CureWellTest.csproj]
CureWellTest.cs(348,17): error CS0117: 'Surgery' does not contain a definition for 'SurgeryCategory' [C:\Users\Public\Desktop\user_repo\.Eval\CureWellTest\CureWellTest\CureWellTest\CureWellTest.csproj]
CureWellTest.cs(367,17): error CS0117: 'Surgery' does not contain a definition for 'DoctorId' [C:\Users\Public\Desktop\user_repo\.Eval\CureWellTest\CureWellTest\CureWellTest\CureWellTest.csproj]
CureWellTest.cs(368,17): error CS0117: 'Surgery' does not contain a definition for 'SurgeryId' [C:\Users\Public\Desktop\user_repo\.Eval\CureWellTest\CureWellTest\CureWellTest\CureWellTest.csproj]
CureWellTest.cs(369,17): error CS0117: 'Surgery' does not contain a definition for 'SurgeryDate' [C:\Users\Public\Desktop\user_repo\.Eval\CureWellTest\CureWellTest\CureWellTest\CureWellTest.csproj]
CureWellTest.cs(370,17): error CS0117: 'Surgery' does not contain a definition for 'StartTime' [C:\Users\Public\Desktop\user_repo\.Eval\CureWellTest\CureWellTest\CureWellTest\CureWellTest.csproj]
CureWellTest.cs(371,17): error CS0117: 'Surgery' does not contain a definition for 'EndTime' [C:\Users\Public\Desktop\user_repo\.Eval\CureWellTest\CureWellTest\CureWellTest\CureWellTest.csproj]
CureWellTest.cs(372,17): error CS0117: 'Surgery' does not contain a definition for 'SurgeryCategory' [C:\Users\Public\Desktop\user_repo\.Eval\CureWellTest\CureWellTest\CureWellTest\CureWellTest.csproj]
CureWellTest.cs(393,17): error CS0117: 'Surgery' does not contain a definition for 'DoctorId' [C:\Users\Public\Desktop\user_repo\.Eval\CureWellTest\CureWellTest\CureWellTest\CureWellTest.csproj]
CureWellTest.cs(394,17): error CS0117: 'Surgery' does not contain a definition for 'SurgeryId' [C:\Users\Public\Desktop\user_repo\.Eval\CureWellTest\CureWellTest\CureWellTest\CureWellTest.csproj]
CureWellTest.cs(395,17): error CS0117: 'Surgery' does not contain a definition for 'SurgeryDate' [C:\Users\Public\Desktop\user_repo\.Eval\CureWellTest\CureWellTest\CureWellTest\CureWellTest.csproj]
CureWellTest.cs(396,17): error CS0117: 'Surgery' does not contain a definition for 'StartTime' [C:\Users\Public\Desktop\user_repo\.Eval\CureWellTest\CureWellTest\CureWellTest\CureWellTest.csproj]
CureWellTest.cs(397,17): error CS0117: 'Surgery' does not contain a definition for 'EndTime' [C:\Users\Public\Desktop\user_repo\.Eval\CureWellTest\CureWellTest\CureWellTest\CureWellTest.csproj]
CureWellTest.cs(398,17): error CS0117: 'Surgery' does not contain a definition for 'SurgeryCategory' [C:\Users\Public\Desktop\user_repo\.Eval\CureWellTest\CureWellTest\CureWellTest\CureWellTest.csproj]
